RMSE = 0.994889654135

3003:
4.3
3.5
3.3
4.8
4.0
4.8
4.3

5233:
3.5
3.5
2.7
3.7
3.1
4.0
3.7
2.5
3.4

16856:
3.3
4.2
3.8
3.0
4.3
3.5
3.0
3.7
3.6
3.8
3.8
4.3
3.8
3.3
1.3
3.9
3.4
3.8
3.5
4.4
3.7
2.8
3.1
4.0
2.1
3.7
3.3
4.4
3.8
3.0
3.9

12153:
3.0
3.5
2.7
4.4
3.6
3.3

10769:
3.7
1.7
3.5
3.0
3.0
2.2
3.0

14116:
3.5
4.4
4.5
3.4
3.7
3.4
3.9
3.5
4.3
3.7
4.0
3.8
3.6
4.1

12863:
3.8

13209:
1.3
4.1
4.0
3.8
3.0
3.6
4.4
3.5
3.4
4.1
4.7
3.4
3.8
3.0
4.3

6845:
3.7
3.2
3.3
3.6
4.1
3.2
3.7
3.2
2.9
3.4
2.9
4.5

16366:
3.7
3.8
3.8
3.6
4.3
3.8
3.6

10346:
2.6
3.2
3.7

16284:
4.0
4.3
3.7
2.9
3.6
4.0
3.7
3.5
3.8
3.3
3.2
2.7
2.7
3.0
3.3
2.3
3.9
2.6
3.6

14466:
4.1
3.7
3.7
2.9
3.5
4.0
4.0
4.2
2.0
2.8
3.3
4.1
3.1
3.5
3.4
3.7
3.5
3.7
3.6
4.4
3.4
3.8
3.4
3.6
3.2
4.0
4.2

14724:
3.8
4.0
3.0
3.8
3.8
3.9
2.2
3.2
4.7
3.9
3.0
4.8
3.7

6528:
3.1
2.2
3.8
3.8
3.5
3.4
4.2
4.1
3.2
4.4
4.4
3.2
3.3
4.2
3.6
4.3
3.5
3.8
3.5
2.8
3.6
4.8
3.7
4.2
3.4
3.4
3.5
3.6
4.2
4.0
3.4
3.3
3.3
3.8
4.2
4.3
3.6
3.1
4.4
3.6
4.3
3.8
1.9
4.7
3.9
3.6
2.9
4.5
4.7
3.0
3.4
4.3
3.3
4.4
3.4
4.1
4.4
4.2
3.9
3.9
3.7
3.8
3.9
3.6
2.8
3.9
2.8
3.7
4.1
3.6
4.3
3.9
3.7
3.2
4.1
3.7
4.0
3.9
3.2
3.9
3.5
3.7
3.4
4.2
3.8
3.7
4.7
3.5
3.7
3.9
2.4
4.1
3.8
4.0
3.5
3.4
3.3
4.4
3.5
3.4
3.9
3.3
4.6
4.8
3.5
4.1
3.2
3.6
3.8
3.8
3.4
4.2
3.6
4.5
4.0
3.5
4.0
4.5
3.9
4.3
4.0
4.7
3.5
4.2
3.9
4.4
3.0
3.8
3.6
4.0
3.0
4.1
3.9
3.8
3.6
3.6
3.6
3.6
2.3
3.8
3.9
3.8
4.8
3.3
3.2
3.9
3.4
3.6
4.4
4.2
3.4
4.7
3.5
3.7
3.3
3.8
4.1
3.2
3.6
4.3
3.1
3.3
4.1
3.2
3.2
3.8
3.4
4.6
3.9
3.3
3.6
3.9

9454:
4.0
4.0

696:
4.3
4.2
3.9
3.7
3.6
4.4
4.8
4.1
3.8
4.2
4.2
3.4
3.4
3.5
3.7
3.4
4.3
4.3
2.8
4.2
3.7
3.6
4.1
4.2
4.6
4.1
2.8
3.8
3.5
4.4
3.4
4.2
3.9
3.9
4.2
4.4
2.5
3.5
3.6
3.2
4.0
3.7
3.7
4.1
3.6
4.1
4.0
3.4
4.1
4.2
3.1
4.5
4.1
3.4
4.2
4.4
2.9
3.6
4.3
3.5
3.7
4.6
3.9
2.3
3.3
4.4
3.6
3.8
3.4
3.5
3.6
4.0
3.9
4.1
3.5
3.6
4.2
4.0
4.3
4.0
2.7
3.8
3.9
3.9
4.3
4.0
3.3
4.5
4.2
4.2
3.5
3.6
4.3
4.5
3.4
3.6
4.1
4.2
4.1
4.5
3.2
3.8
4.1
3.8
4.4
4.4
3.4
3.6
3.8
4.0
3.0
4.5
4.3
4.0
4.1
4.4
3.5
4.2
3.5
4.0
3.4
4.1
4.4
4.3
3.9
4.4
3.9
4.0
2.9
3.6
4.1
3.5
4.7
4.1
4.3
3.3
4.1
3.0
4.3
4.2
4.0
4.2
3.8
4.1
4.2
4.2
4.3
3.1
3.3
4.4
3.9
3.2
4.4
4.2
3.9
3.9
3.4
4.2
3.3
4.1
4.4
3.9
3.4
3.6
3.1
4.3
4.0
3.9
4.0
3.6
4.4
4.3
4.1
4.3
3.4
3.9
3.4
4.2
4.0
3.8
3.9
3.4
3.4
4.5
3.3
3.8
3.6
3.2
4.6
3.3
4.2
3.7
4.3
3.5
3.5
4.1
3.8
3.9
4.2
3.6
3.6
3.7
4.4
3.2
3.7
4.5
3.9
3.9
4.2
3.7
3.8
4.5
4.1
3.6
3.8
4.0
3.6
4.0
3.9
4.3
4.1
4.2
3.6

12708:
3.7
3.2
3.4
3.6
3.8
3.6
4.0
3.3
3.2
3.5
3.3
3.0
3.0
3.4
3.6
2.5
3.5
3.4
3.1
3.2
2.6
2.9
3.6

13708:
3.2
3.2
3.4
3.4
3.4
3.4
3.2
3.5
2.9
3.2
3.9
4.0
2.9
2.3
3.4
3.2
3.5
3.2
3.3
2.5
3.3
3.5
3.0
3.5
3.3
2.7
3.8
3.1
2.6
3.2
3.5
3.1
3.1
3.8
3.6
3.5
3.1
3.7
3.2
4.5
3.2
3.1
4.0
3.1
3.9
3.5
3.5
3.3
3.8
4.1
3.4
3.3
4.3
3.6
3.4
4.0
3.1
3.4
3.6
3.1
4.0
3.3
3.3
3.3
3.6
4.4
3.1
4.2
4.3
3.6
3.2
3.7
3.0
3.5
3.5
2.9
3.0
3.1
3.3
4.1
3.4
3.3
3.1
3.8
3.6
3.4
3.1
4.3
3.5
3.6
3.0
3.3
3.6
3.1
3.2
3.2
3.2
3.9
3.7
4.2
2.4
3.3
3.9
3.5
3.9
3.8
2.4

13891:
2.8
3.2
2.9

10199:
3.8
3.2
3.4

5584:
2.9
3.5
3.4
3.7
3.2
3.2
3.9
2.6

13483:
3.7
3.0
3.5
3.5
3.8
3.3
3.4
4.8
3.6
4.8
2.5
4.3
3.8
3.7
3.8

15283:
1.2
3.0
2.9
3.1

8088:
4.6
4.5
3.6
3.0

15190:
3.5

8652:
3.6
3.3
4.7
3.4
2.1
4.1
3.6
3.8
3.4
3.9
3.4
3.5
2.4
3.8
3.8
2.6
3.5
4.4
3.8
3.8
3.2
3.5
4.2
3.0
3.4
2.4
3.8
3.1
3.8
3.8
3.6
3.8
3.2
4.0
3.6
3.7
3.6
3.5
3.5
3.2
3.1
2.6
3.3
3.3

131:
3.4
3.3
3.7
3.6
3.3
3.4

13569:
3.4
2.9
2.9
3.4
3.4
3.3
3.4
3.8
3.1
3.0
3.2
3.5
2.6
3.6
3.6
3.0
3.8
3.2
3.4
3.9
3.6
3.0
3.1
2.8
2.7
3.1
3.2
3.3
3.6
2.2
3.7
3.4
3.6
3.4

6741:
3.3
3.1
3.7
3.6
3.5
3.9
3.6
3.6
3.8
3.8
3.9
4.0
2.7
3.8
2.7
3.5
3.6
3.5
3.5
3.6
3.1
3.4
3.3
3.0
3.3
3.8
4.1
3.1
3.6
3.7
3.1
3.1
3.1
4.0
3.7

9105:
2.7
2.3
3.2
2.8
4.4
2.8
2.6
3.7
3.0
2.4
2.6
2.5
2.8
2.2
3.0

5180:
4.0
3.9
3.2
3.2

4646:
4.3
4.1
4.6
3.4
3.9
3.5
2.9
3.6
3.7
4.1
4.5
3.0
4.5
4.6
3.5
3.6
4.8
3.7
4.8
3.6
2.9
4.8
3.6
4.4
4.2

2176:
3.5
3.4
3.8
3.9
3.9
4.8
3.3
3.0
3.8
3.2
4.2
4.0
3.4
4.3
3.8
3.3
3.7
3.7
3.3
4.2
3.8
4.2
4.0
4.0
3.4
3.2
3.2
3.5
4.5
3.2
3.9
3.6
4.0
3.3
3.6
3.4
3.9
3.8
3.6
4.2
3.2
3.4
3.7
3.2
3.6
3.4
3.3
3.5
3.5
4.1

1031:
3.9
3.3
4.1
4.2
4.2
3.4
3.1
2.9
4.0
2.7
3.6
3.6
3.7
3.9
3.7
3.7
4.6
3.4
3.7
3.3
3.8
3.4
3.2
3.0
3.4
3.3
3.5
4.3
3.4
3.7
3.4
4.5
3.8

